<?xml version="1.0" encoding="UTF-8"?>
<testng-results ignored="0" total="1" passed="1" failed="0" skipped="0">
  <reporter-output>
  </reporter-output>
  <suite started-at="2021-09-27T12:43:22 IST" name="Default suite" finished-at="2021-09-27T12:44:06 IST" duration-ms="43340">
    <groups>
    </groups>
    <test started-at="2021-09-27T12:43:22 IST" name="Default test" finished-at="2021-09-27T12:44:06 IST" duration-ms="43340">
      <class name="com.picnic.mavensel.Login">
        <test-method signature="orange()[pri:0, instance:com.picnic.mavensel.Login@d29f28]" started-at="2021-09-27T12:43:23 IST" name="orange" finished-at="2021-09-27T12:44:06 IST" duration-ms="43281" status="PASS">
          <reporter-output>
          </reporter-output>
        </test-method> <!-- orange -->
      </class> <!-- com.picnic.mavensel.Login -->
    </test> <!-- Default test -->
  </suite> <!-- Default suite -->
</testng-results>
